<?xml version="1.0" encoding="UTF-8"?>
<testsuite xmlns:xsi="http://www.w3.org/2001/XMLSchema-instance" xsi:noNamespaceSchemaLocation="https://maven.apache.org/surefire/maven-surefire-plugin/xsd/surefire-test-report-3.0.xsd" version="3.0" name="edu.fiuba.algo3.entrega_2.Entrega2Test" time="0.827" tests="7" errors="1" skipped="0" failures="0">
  <properties>
    <property name="sun.desktop" value="gnome"/>
    <property name="awt.toolkit" value="sun.awt.X11.XToolkit"/>
    <property name="java.specification.version" value="11"/>
    <property name="sun.cpu.isalist" value=""/>
    <property name="sun.jnu.encoding" value="UTF-8"/>
    <property name="java.class.path" value="/home/fernandoyu/UBA/Algoritmos y programacion 3/TP2/AlgoDefense/target/test-classes:/home/fernandoyu/.m2/repository/junit/junit/4.10/junit-4.10.jar:/home/fernandoyu/.m2/repository/org/hamcrest/hamcrest-core/1.1/hamcrest-core-1.1.jar:/home/fernandoyu/.m2/repository/org/openjfx/javafx-controls/15.0.1/javafx-controls-15.0.1.jar:/home/fernandoyu/.m2/repository/org/openjfx/javafx-graphics/15.0.1/javafx-graphics-15.0.1.jar:/home/fernandoyu/.m2/repository/org/openjfx/javafx-base/15.0.1/javafx-base-15.0.1.jar:/home/fernandoyu/.m2/repository/org/junit/jupiter/junit-jupiter/5.4.0/junit-jupiter-5.4.0.jar:/home/fernandoyu/.m2/repository/org/junit/jupiter/junit-jupiter-api/5.4.0/junit-jupiter-api-5.4.0.jar:/home/fernandoyu/.m2/repository/org/apiguardian/apiguardian-api/1.0.0/apiguardian-api-1.0.0.jar:/home/fernandoyu/.m2/repository/org/opentest4j/opentest4j/1.1.1/opentest4j-1.1.1.jar:/home/fernandoyu/.m2/repository/org/junit/platform/junit-platform-commons/1.4.0/junit-platform-commons-1.4.0.jar:/home/fernandoyu/.m2/repository/org/junit/jupiter/junit-jupiter-params/5.4.0/junit-jupiter-params-5.4.0.jar:/home/fernandoyu/.m2/repository/org/junit/jupiter/junit-jupiter-engine/5.4.0/junit-jupiter-engine-5.4.0.jar:/home/fernandoyu/.m2/repository/org/junit/platform/junit-platform-engine/1.4.0/junit-platform-engine-1.4.0.jar:/home/fernandoyu/.m2/repository/org/mockito/mockito-core/3.3.0/mockito-core-3.3.0.jar:/home/fernandoyu/.m2/repository/net/bytebuddy/byte-buddy/1.10.5/byte-buddy-1.10.5.jar:/home/fernandoyu/.m2/repository/net/bytebuddy/byte-buddy-agent/1.10.5/byte-buddy-agent-1.10.5.jar:/home/fernandoyu/.m2/repository/org/objenesis/objenesis/2.6/objenesis-2.6.jar:/home/fernandoyu/.m2/repository/com/tngtech/archunit/archunit/0.21.0/archunit-0.21.0.jar:/home/fernandoyu/.m2/repository/org/slf4j/slf4j-api/1.7.30/slf4j-api-1.7.30.jar:/home/fernandoyu/.m2/repository/org/slf4j/slf4j-simple/1.7.30/slf4j-simple-1.7.30.jar:"/>
    <property name="java.vm.vendor" value="Ubuntu"/>
    <property name="sun.arch.data.model" value="64"/>
    <property name="java.vendor.url" value="https://ubuntu.com/"/>
    <property name="user.timezone" value=""/>
    <property name="java.vm.specification.version" value="11"/>
    <property name="os.name" value="Linux"/>
    <property name="sun.java.launcher" value="SUN_STANDARD"/>
    <property name="user.country" value="US"/>
    <property name="sun.boot.library.path" value="/usr/lib/jvm/java-11-openjdk-amd64/lib"/>
    <property name="sun.java.command" value="org.apache.maven.surefire.booter.ForkedBooter /home/fernandoyu/UBA/Algoritmos y programacion 3/TP2/AlgoDefense/target/surefire 2023-06-29T16-43-38_797-jvmRun1 surefire6497630544731956623tmp surefire_012070687755765744943tmp"/>
    <property name="jdk.debug" value="release"/>
    <property name="surefire.test.class.path" value="/home/fernandoyu/UBA/Algoritmos y programacion 3/TP2/AlgoDefense/target/test-classes:/home/fernandoyu/.m2/repository/junit/junit/4.10/junit-4.10.jar:/home/fernandoyu/.m2/repository/org/hamcrest/hamcrest-core/1.1/hamcrest-core-1.1.jar:/home/fernandoyu/.m2/repository/org/openjfx/javafx-controls/15.0.1/javafx-controls-15.0.1.jar:/home/fernandoyu/.m2/repository/org/openjfx/javafx-graphics/15.0.1/javafx-graphics-15.0.1.jar:/home/fernandoyu/.m2/repository/org/openjfx/javafx-base/15.0.1/javafx-base-15.0.1.jar:/home/fernandoyu/.m2/repository/org/junit/jupiter/junit-jupiter/5.4.0/junit-jupiter-5.4.0.jar:/home/fernandoyu/.m2/repository/org/junit/jupiter/junit-jupiter-api/5.4.0/junit-jupiter-api-5.4.0.jar:/home/fernandoyu/.m2/repository/org/apiguardian/apiguardian-api/1.0.0/apiguardian-api-1.0.0.jar:/home/fernandoyu/.m2/repository/org/opentest4j/opentest4j/1.1.1/opentest4j-1.1.1.jar:/home/fernandoyu/.m2/repository/org/junit/platform/junit-platform-commons/1.4.0/junit-platform-commons-1.4.0.jar:/home/fernandoyu/.m2/repository/org/junit/jupiter/junit-jupiter-params/5.4.0/junit-jupiter-params-5.4.0.jar:/home/fernandoyu/.m2/repository/org/junit/jupiter/junit-jupiter-engine/5.4.0/junit-jupiter-engine-5.4.0.jar:/home/fernandoyu/.m2/repository/org/junit/platform/junit-platform-engine/1.4.0/junit-platform-engine-1.4.0.jar:/home/fernandoyu/.m2/repository/org/mockito/mockito-core/3.3.0/mockito-core-3.3.0.jar:/home/fernandoyu/.m2/repository/net/bytebuddy/byte-buddy/1.10.5/byte-buddy-1.10.5.jar:/home/fernandoyu/.m2/repository/net/bytebuddy/byte-buddy-agent/1.10.5/byte-buddy-agent-1.10.5.jar:/home/fernandoyu/.m2/repository/org/objenesis/objenesis/2.6/objenesis-2.6.jar:/home/fernandoyu/.m2/repository/com/tngtech/archunit/archunit/0.21.0/archunit-0.21.0.jar:/home/fernandoyu/.m2/repository/org/slf4j/slf4j-api/1.7.30/slf4j-api-1.7.30.jar:/home/fernandoyu/.m2/repository/org/slf4j/slf4j-simple/1.7.30/slf4j-simple-1.7.30.jar:"/>
    <property name="sun.cpu.endian" value="little"/>
    <property name="user.home" value="/home/fernandoyu"/>
    <property name="user.language" value="en"/>
    <property name="java.specification.vendor" value="Oracle Corporation"/>
    <property name="jdk.module.path" value="/home/fernandoyu/UBA/Algoritmos y programacion 3/TP2/AlgoDefense/target/classes:/home/fernandoyu/.m2/repository/com/googlecode/json-simple/json-simple/1.1.1/json-simple-1.1.1.jar:/home/fernandoyu/.m2/repository/org/openjfx/javafx-controls/15.0.1/javafx-controls-15.0.1-linux.jar:/home/fernandoyu/.m2/repository/org/openjfx/javafx-graphics/15.0.1/javafx-graphics-15.0.1-linux.jar:/home/fernandoyu/.m2/repository/org/openjfx/javafx-base/15.0.1/javafx-base-15.0.1-linux.jar"/>
    <property name="java.version.date" value="2023-04-18"/>
    <property name="java.home" value="/usr/lib/jvm/java-11-openjdk-amd64"/>
    <property name="file.separator" value="/"/>
    <property name="basedir" value="/home/fernandoyu/UBA/Algoritmos y programacion 3/TP2/AlgoDefense"/>
    <property name="java.vm.compressedOopsMode" value="32-bit"/>
    <property name="line.separator" value="&#10;"/>
    <property name="java.specification.name" value="Java Platform API Specification"/>
    <property name="java.vm.specification.vendor" value="Oracle Corporation"/>
    <property name="java.awt.graphicsenv" value="sun.awt.X11GraphicsEnvironment"/>
    <property name="surefire.real.class.path" value="/home/fernandoyu/.m2/repository/org/apache/maven/surefire/surefire-booter/3.0.0-M3/surefire-booter-3.0.0-M3.jar:/home/fernandoyu/.m2/repository/org/apache/maven/surefire/surefire-api/3.0.0-M3/surefire-api-3.0.0-M3.jar:/home/fernandoyu/.m2/repository/org/apache/maven/surefire/surefire-logger-api/3.0.0-M3/surefire-logger-api-3.0.0-M3.jar:/home/fernandoyu/UBA/Algoritmos y programacion 3/TP2/AlgoDefense/target/test-classes:/home/fernandoyu/.m2/repository/junit/junit/4.10/junit-4.10.jar:/home/fernandoyu/.m2/repository/org/hamcrest/hamcrest-core/1.1/hamcrest-core-1.1.jar:/home/fernandoyu/.m2/repository/org/openjfx/javafx-controls/15.0.1/javafx-controls-15.0.1.jar:/home/fernandoyu/.m2/repository/org/openjfx/javafx-graphics/15.0.1/javafx-graphics-15.0.1.jar:/home/fernandoyu/.m2/repository/org/openjfx/javafx-base/15.0.1/javafx-base-15.0.1.jar:/home/fernandoyu/.m2/repository/org/junit/jupiter/junit-jupiter/5.4.0/junit-jupiter-5.4.0.jar:/home/fernandoyu/.m2/repository/org/junit/jupiter/junit-jupiter-api/5.4.0/junit-jupiter-api-5.4.0.jar:/home/fernandoyu/.m2/repository/org/apiguardian/apiguardian-api/1.0.0/apiguardian-api-1.0.0.jar:/home/fernandoyu/.m2/repository/org/opentest4j/opentest4j/1.1.1/opentest4j-1.1.1.jar:/home/fernandoyu/.m2/repository/org/junit/platform/junit-platform-commons/1.4.0/junit-platform-commons-1.4.0.jar:/home/fernandoyu/.m2/repository/org/junit/jupiter/junit-jupiter-params/5.4.0/junit-jupiter-params-5.4.0.jar:/home/fernandoyu/.m2/repository/org/junit/jupiter/junit-jupiter-engine/5.4.0/junit-jupiter-engine-5.4.0.jar:/home/fernandoyu/.m2/repository/org/junit/platform/junit-platform-engine/1.4.0/junit-platform-engine-1.4.0.jar:/home/fernandoyu/.m2/repository/org/mockito/mockito-core/3.3.0/mockito-core-3.3.0.jar:/home/fernandoyu/.m2/repository/net/bytebuddy/byte-buddy/1.10.5/byte-buddy-1.10.5.jar:/home/fernandoyu/.m2/repository/net/bytebuddy/byte-buddy-agent/1.10.5/byte-buddy-agent-1.10.5.jar:/home/fernandoyu/.m2/repository/org/objenesis/objenesis/2.6/objenesis-2.6.jar:/home/fernandoyu/.m2/repository/com/tngtech/archunit/archunit/0.21.0/archunit-0.21.0.jar:/home/fernandoyu/.m2/repository/org/slf4j/slf4j-api/1.7.30/slf4j-api-1.7.30.jar:/home/fernandoyu/.m2/repository/org/slf4j/slf4j-simple/1.7.30/slf4j-simple-1.7.30.jar:/home/fernandoyu/.m2/repository/org/apache/maven/surefire/surefire-junit-platform/3.0.0-M3/surefire-junit-platform-3.0.0-M3.jar:/home/fernandoyu/.m2/repository/org/apache/maven/surefire/common-java5/3.0.0-M3/common-java5-3.0.0-M3.jar:/home/fernandoyu/.m2/repository/org/junit/platform/junit-platform-launcher/1.3.1/junit-platform-launcher-1.3.1.jar"/>
    <property name="sun.management.compiler" value="HotSpot 64-Bit Tiered Compilers"/>
    <property name="java.runtime.version" value="11.0.19+7-post-Ubuntu-0ubuntu122.04.1"/>
    <property name="user.name" value="fernandoyu"/>
    <property name="path.separator" value=":"/>
    <property name="os.version" value="5.19.0-45-generic"/>
    <property name="java.runtime.name" value="OpenJDK Runtime Environment"/>
    <property name="file.encoding" value="UTF-8"/>
    <property name="java.vm.name" value="OpenJDK 64-Bit Server VM"/>
    <property name="localRepository" value="/home/fernandoyu/.m2/repository"/>
    <property name="java.vendor.url.bug" value="https://bugs.launchpad.net/ubuntu/+source/openjdk-lts"/>
    <property name="java.io.tmpdir" value="/tmp"/>
    <property name="java.version" value="11.0.19"/>
    <property name="user.dir" value="/home/fernandoyu/UBA/Algoritmos y programacion 3/TP2/AlgoDefense"/>
    <property name="os.arch" value="amd64"/>
    <property name="java.vm.specification.name" value="Java Virtual Machine Specification"/>
    <property name="java.awt.printerjob" value="sun.print.PSPrinterJob"/>
    <property name="sun.os.patch.level" value="unknown"/>
    <property name="java.library.path" value="/usr/java/packages/lib:/usr/lib/x86_64-linux-gnu/jni:/lib/x86_64-linux-gnu:/usr/lib/x86_64-linux-gnu:/usr/lib/jni:/lib:/usr/lib"/>
    <property name="java.vm.info" value="mixed mode"/>
    <property name="java.vendor" value="Ubuntu"/>
    <property name="java.vm.version" value="11.0.19+7-post-Ubuntu-0ubuntu122.04.1"/>
    <property name="sun.io.unicode.encoding" value="UnicodeLittle"/>
    <property name="java.class.version" value="55.0"/>
  </properties>
  <testcase name="test16LosEnemigosParseadosDelJSONDeEnemigosSonLosEperados" classname="edu.fiuba.algo3.entrega_2.Entrega2Test" time="0.24"/>
  <testcase name="test19JugadorJuegaYGanaUnaPartida" classname="edu.fiuba.algo3.entrega_2.Entrega2Test" time="0.017"/>
  <testcase name="test18ElJuegoCreadoAPartirDeAmbosJSONEsElEsperado" classname="edu.fiuba.algo3.entrega_2.Entrega2Test" time="0.014"/>
  <testcase name="test20JugadorJuegaYPierdeUnaPartida" classname="edu.fiuba.algo3.entrega_2.Entrega2Test" time="0.52">
    <error type="java.util.ConcurrentModificationException">java.util.ConcurrentModificationException
	at edu.fiuba.algo3/edu.fiuba.algo3.entrega_2.Entrega2Test.test20JugadorJuegaYPierdeUnaPartida(Entrega2Test.java:129)
</error>
    <system-out><![CDATA[iteracion: 0
1
posicion: 14,14
posicion: 14,13
posicion: 14,12
posicion: 14,11
posicion: 14,10
posicion: 14,9
posicion: 14,8
posicion: 14,7
posicion: 14,6
posicion: 14,5
posicion: 14,4
posicion: 14,3
posicion: 14,2
posicion: 14,1
posicion: 14,0
posicion: 13,14
posicion: 13,13
posicion: 13,12
posicion: 13,11
posicion: 13,10
posicion: 13,9
posicion: 13,8
posicion: 13,7
posicion: 13,6
posicion: 13,5
posicion: 13,4
posicion: 13,3
posicion: 13,2
posicion: 13,1
posicion: 13,0
posicion: 12,14
posicion: 12,13
posicion: 12,12
posicion: 12,11
posicion: 12,10
posicion: 12,9
posicion: 12,8
posicion: 12,7
posicion: 12,6
posicion: 12,5
posicion: 12,4
posicion: 12,3
posicion: 12,2
posicion: 12,1
posicion: 12,0
posicion: 11,14
posicion: 11,13
posicion: 11,12
posicion: 11,11
posicion: 11,10
posicion: 11,9
posicion: 11,8
posicion: 11,7
posicion: 11,6
posicion: 11,5
posicion: 11,4
posicion: 11,3
posicion: 11,2
posicion: 11,1
posicion: 11,0
posicion: 10,14
posicion: 10,13
posicion: 10,12
posicion: 10,11
posicion: 10,10
posicion: 10,9
posicion: 10,8
posicion: 10,7
posicion: 10,6
posicion: 10,5
posicion: 10,4
posicion: 10,3
posicion: 10,2
posicion: 10,1
posicion: 10,0
posicion: 9,14
posicion: 9,13
posicion: 9,12
posicion: 9,11
posicion: 9,10
posicion: 9,9
posicion: 9,8
posicion: 9,7
posicion: 9,6
posicion: 9,5
posicion: 9,4
posicion: 9,3
posicion: 9,2
posicion: 9,1
posicion: 9,0
posicion: 8,14
posicion: 8,13
posicion: 8,12
posicion: 8,11
posicion: 8,10
posicion: 8,9
posicion: 8,8
posicion: 8,7
posicion: 8,6
posicion: 8,5
posicion: 8,4
posicion: 8,3
posicion: 8,2
posicion: 8,1
posicion: 8,0
posicion: 7,14
posicion: 7,13
posicion: 7,12
posicion: 7,11
posicion: 7,10
posicion: 7,9
posicion: 7,8
posicion: 7,7
posicion: 7,6
posicion: 7,5
posicion: 7,4
posicion: 7,3
posicion: 7,2
posicion: 7,1
posicion: 7,0
posicion: 6,14
posicion: 6,13
posicion: 6,12
posicion: 6,11
posicion: 6,10
posicion: 6,9
posicion: 6,8
posicion: 6,7
posicion: 6,6
posicion: 6,5
posicion: 6,4
posicion: 6,3
posicion: 6,2
posicion: 6,1
posicion: 6,0
posicion: 5,14
posicion: 5,13
posicion: 5,12
posicion: 5,11
posicion: 5,10
posicion: 5,9
posicion: 5,8
posicion: 5,7
posicion: 5,6
posicion: 5,5
posicion: 5,4
posicion: 5,3
posicion: 5,2
posicion: 5,1
posicion: 5,0
posicion: 4,14
posicion: 4,13
posicion: 4,12
posicion: 4,11
posicion: 4,10
posicion: 4,9
posicion: 4,8
posicion: 4,7
posicion: 4,6
posicion: 4,5
posicion: 4,4
posicion: 4,3
posicion: 4,2
posicion: 4,1
posicion: 4,0
posicion: 3,14
posicion: 3,13
posicion: 3,12
posicion: 3,11
posicion: 3,10
posicion: 3,9
posicion: 3,8
posicion: 3,7
posicion: 3,6
posicion: 3,5
posicion: 3,4
posicion: 3,3
posicion: 3,2
posicion: 3,1
posicion: 3,0
posicion: 2,14
posicion: 2,13
posicion: 2,12
posicion: 2,11
posicion: 2,10
posicion: 2,9
posicion: 2,8
posicion: 2,7
posicion: 2,6
posicion: 2,5
posicion: 2,4
posicion: 2,3
posicion: 2,2
posicion: 2,1
posicion: 2,0
posicion: 1,14
posicion: 1,13
posicion: 1,12
posicion: 1,11
posicion: 1,10
posicion: 1,9
posicion: 1,8
posicion: 1,7
posicion: 1,6
posicion: 1,5
posicion: 1,4
posicion: 1,3
posicion: 1,2
posicion: 1,1
posicion: 1,0
posicion: 0,14
posicion: 0,13
posicion: 0,12
posicion: 0,11
posicion: 0,10
posicion: 0,9
posicion: 0,8
posicion: 0,7
posicion: 0,6
posicion: 0,5
posicion: 0,4
posicion: 0,3
posicion: 0,2
posicion: 0,1
posicion: 0,0
out for
fin turno
2
3
iteracion: 1
1
posicion: 14,14
posicion: 14,13
posicion: 14,12
posicion: 14,11
posicion: 14,10
posicion: 14,9
posicion: 14,8
posicion: 14,7
posicion: 14,6
posicion: 14,5
posicion: 14,4
posicion: 14,3
posicion: 14,2
posicion: 14,1
posicion: 14,0
posicion: 13,14
posicion: 13,13
posicion: 13,12
posicion: 13,11
posicion: 13,10
posicion: 13,9
posicion: 13,8
posicion: 13,7
posicion: 13,6
posicion: 13,5
posicion: 13,4
posicion: 13,3
posicion: 13,2
posicion: 13,1
posicion: 13,0
posicion: 12,14
posicion: 12,13
posicion: 12,12
posicion: 12,11
posicion: 12,10
posicion: 12,9
posicion: 12,8
posicion: 12,7
posicion: 12,6
posicion: 12,5
posicion: 12,4
posicion: 12,3
posicion: 12,2
posicion: 12,1
posicion: 12,0
posicion: 11,14
posicion: 11,13
posicion: 11,12
posicion: 11,11
posicion: 11,10
posicion: 11,9
posicion: 11,8
posicion: 11,7
posicion: 11,6
posicion: 11,5
posicion: 11,4
posicion: 11,3
posicion: 11,2
posicion: 11,1
posicion: 11,0
posicion: 10,14
posicion: 10,13
posicion: 10,12
posicion: 10,11
posicion: 10,10
posicion: 10,9
posicion: 10,8
posicion: 10,7
posicion: 10,6
posicion: 10,5
posicion: 10,4
posicion: 10,3
posicion: 10,2
posicion: 10,1
posicion: 10,0
posicion: 9,14
posicion: 9,13
posicion: 9,12
posicion: 9,11
posicion: 9,10
posicion: 9,9
posicion: 9,8
posicion: 9,7
posicion: 9,6
posicion: 9,5
posicion: 9,4
posicion: 9,3
posicion: 9,2
posicion: 9,1
posicion: 9,0
posicion: 8,14
posicion: 8,13
posicion: 8,12
posicion: 8,11
posicion: 8,10
posicion: 8,9
posicion: 8,8
posicion: 8,7
posicion: 8,6
posicion: 8,5
posicion: 8,4
posicion: 8,3
posicion: 8,2
posicion: 8,1
posicion: 8,0
posicion: 7,14
posicion: 7,13
posicion: 7,12
posicion: 7,11
posicion: 7,10
posicion: 7,9
posicion: 7,8
posicion: 7,7
posicion: 7,6
posicion: 7,5
posicion: 7,4
posicion: 7,3
posicion: 7,2
posicion: 7,1
posicion: 7,0
posicion: 6,14
posicion: 6,13
posicion: 6,12
posicion: 6,11
posicion: 6,10
posicion: 6,9
posicion: 6,8
posicion: 6,7
posicion: 6,6
posicion: 6,5
posicion: 6,4
posicion: 6,3
posicion: 6,2
posicion: 6,1
posicion: 6,0
posicion: 5,14
posicion: 5,13
posicion: 5,12
posicion: 5,11
posicion: 5,10
posicion: 5,9
posicion: 5,8
posicion: 5,7
posicion: 5,6
posicion: 5,5
posicion: 5,4
posicion: 5,3
posicion: 5,2
posicion: 5,1
posicion: 5,0
posicion: 4,14
posicion: 4,13
posicion: 4,12
posicion: 4,11
posicion: 4,10
posicion: 4,9
posicion: 4,8
posicion: 4,7
posicion: 4,6
posicion: 4,5
posicion: 4,4
posicion: 4,3
posicion: 4,2
posicion: 4,1
posicion: 4,0
posicion: 3,14
posicion: 3,13
posicion: 3,12
posicion: 3,11
posicion: 3,10
posicion: 3,9
posicion: 3,8
posicion: 3,7
posicion: 3,6
posicion: 3,5
posicion: 3,4
posicion: 3,3
posicion: 3,2
posicion: 3,1
posicion: 3,0
posicion: 2,14
posicion: 2,13
posicion: 2,12
posicion: 2,11
posicion: 2,10
posicion: 2,9
posicion: 2,8
posicion: 2,7
posicion: 2,6
posicion: 2,5
posicion: 2,4
posicion: 2,3
posicion: 2,2
posicion: 2,1
posicion: 2,0
posicion: 1,14
posicion: 1,13
posicion: 1,12
posicion: 1,11
posicion: 1,10
posicion: 1,9
posicion: 1,8
posicion: 1,7
posicion: 1,6
posicion: 1,5
posicion: 1,4
posicion: 1,3
posicion: 1,2
posicion: 1,1
posicion: 1,0
posicion: 0,14
posicion: 0,13
posicion: 0,12
posicion: 0,11
posicion: 0,10
posicion: 0,9
posicion: 0,8
posicion: 0,7
posicion: 0,6
posicion: 0,5
posicion: 0,4
posicion: 0,3
posicion: 0,2
posicion: 0,1
posicion: 0,0
out for
fin turno
2
3
iteracion: 2
1
posicion: 14,14
posicion: 14,13
posicion: 14,12
posicion: 14,11
posicion: 14,10
posicion: 14,9
posicion: 14,8
posicion: 14,7
posicion: 14,6
posicion: 14,5
posicion: 14,4
posicion: 14,3
posicion: 14,2
posicion: 14,1
posicion: 14,0
posicion: 13,14
posicion: 13,13
posicion: 13,12
posicion: 13,11
posicion: 13,10
posicion: 13,9
posicion: 13,8
posicion: 13,7
posicion: 13,6
posicion: 13,5
posicion: 13,4
posicion: 13,3
posicion: 13,2
posicion: 13,1
posicion: 13,0
posicion: 12,14
posicion: 12,13
posicion: 12,12
posicion: 12,11
posicion: 12,10
posicion: 12,9
posicion: 12,8
posicion: 12,7
posicion: 12,6
posicion: 12,5
posicion: 12,4
posicion: 12,3
posicion: 12,2
posicion: 12,1
posicion: 12,0
posicion: 11,14
posicion: 11,13
posicion: 11,12
posicion: 11,11
posicion: 11,10
posicion: 11,9
posicion: 11,8
posicion: 11,7
posicion: 11,6
posicion: 11,5
posicion: 11,4
posicion: 11,3
posicion: 11,2
posicion: 11,1
posicion: 11,0
posicion: 10,14
posicion: 10,13
posicion: 10,12
posicion: 10,11
posicion: 10,10
posicion: 10,9
posicion: 10,8
posicion: 10,7
posicion: 10,6
posicion: 10,5
posicion: 10,4
posicion: 10,3
posicion: 10,2
posicion: 10,1
posicion: 10,0
posicion: 9,14
posicion: 9,13
posicion: 9,12
posicion: 9,11
posicion: 9,10
posicion: 9,9
posicion: 9,8
posicion: 9,7
posicion: 9,6
posicion: 9,5
posicion: 9,4
posicion: 9,3
posicion: 9,2
posicion: 9,1
posicion: 9,0
posicion: 8,14
posicion: 8,13
posicion: 8,12
posicion: 8,11
posicion: 8,10
posicion: 8,9
posicion: 8,8
posicion: 8,7
posicion: 8,6
posicion: 8,5
posicion: 8,4
posicion: 8,3
posicion: 8,2
posicion: 8,1
posicion: 8,0
posicion: 7,14
posicion: 7,13
posicion: 7,12
posicion: 7,11
posicion: 7,10
posicion: 7,9
posicion: 7,8
posicion: 7,7
posicion: 7,6
posicion: 7,5
posicion: 7,4
posicion: 7,3
posicion: 7,2
posicion: 7,1
posicion: 7,0
posicion: 6,14
posicion: 6,13
posicion: 6,12
posicion: 6,11
posicion: 6,10
posicion: 6,9
posicion: 6,8
posicion: 6,7
posicion: 6,6
posicion: 6,5
posicion: 6,4
posicion: 6,3
posicion: 6,2
posicion: 6,1
posicion: 6,0
posicion: 5,14
posicion: 5,13
posicion: 5,12
posicion: 5,11
posicion: 5,10
posicion: 5,9
posicion: 5,8
posicion: 5,7
posicion: 5,6
posicion: 5,5
posicion: 5,4
posicion: 5,3
posicion: 5,2
posicion: 5,1
posicion: 5,0
posicion: 4,14
posicion: 4,13
posicion: 4,12
posicion: 4,11
posicion: 4,10
posicion: 4,9
posicion: 4,8
posicion: 4,7
posicion: 4,6
posicion: 4,5
posicion: 4,4
posicion: 4,3
posicion: 4,2
posicion: 4,1
posicion: 4,0
posicion: 3,14
posicion: 3,13
posicion: 3,12
posicion: 3,11
posicion: 3,10
posicion: 3,9
posicion: 3,8
posicion: 3,7
posicion: 3,6
posicion: 3,5
posicion: 3,4
posicion: 3,3
posicion: 3,2
posicion: 3,1
posicion: 3,0
posicion: 2,14
posicion: 2,13
posicion: 2,12
posicion: 2,11
posicion: 2,10
posicion: 2,9
posicion: 2,8
posicion: 2,7
posicion: 2,6
posicion: 2,5
posicion: 2,4
posicion: 2,3
posicion: 2,2
posicion: 2,1
posicion: 2,0
posicion: 1,14
posicion: 1,13
posicion: 1,12
posicion: 1,11
posicion: 1,10
posicion: 1,9
posicion: 1,8
posicion: 1,7
posicion: 1,6
posicion: 1,5
posicion: 1,4
posicion: 1,3
posicion: 1,2
posicion: 1,1
posicion: 1,0
posicion: 0,14
posicion: 0,13
posicion: 0,12
posicion: 0,11
posicion: 0,10
posicion: 0,9
posicion: 0,8
posicion: 0,7
posicion: 0,6
posicion: 0,5
posicion: 0,4
posicion: 0,3
posicion: 0,2
posicion: 0,1
posicion: 0,0
out for
fin turno
2
3
iteracion: 3
1
posicion: 14,14
posicion: 14,13
posicion: 14,12
posicion: 14,11
posicion: 14,10
posicion: 14,9
posicion: 14,8
posicion: 14,7
posicion: 14,6
posicion: 14,5
posicion: 14,4
posicion: 14,3
posicion: 14,2
posicion: 14,1
posicion: 14,0
posicion: 13,14
posicion: 13,13
posicion: 13,12
posicion: 13,11
posicion: 13,10
posicion: 13,9
posicion: 13,8
posicion: 13,7
posicion: 13,6
posicion: 13,5
posicion: 13,4
posicion: 13,3
posicion: 13,2
posicion: 13,1
posicion: 13,0
posicion: 12,14
posicion: 12,13
posicion: 12,12
posicion: 12,11
posicion: 12,10
posicion: 12,9
posicion: 12,8
posicion: 12,7
posicion: 12,6
posicion: 12,5
posicion: 12,4
posicion: 12,3
posicion: 12,2
posicion: 12,1
posicion: 12,0
posicion: 11,14
posicion: 11,13
posicion: 11,12
posicion: 11,11
posicion: 11,10
posicion: 11,9
posicion: 11,8
posicion: 11,7
posicion: 11,6
posicion: 11,5
posicion: 11,4
posicion: 11,3
posicion: 11,2
posicion: 11,1
posicion: 11,0
posicion: 10,14
posicion: 10,13
posicion: 10,12
posicion: 10,11
posicion: 10,10
posicion: 10,9
posicion: 10,8
posicion: 10,7
posicion: 10,6
posicion: 10,5
posicion: 10,4
posicion: 10,3
posicion: 10,2
posicion: 10,1
posicion: 10,0
posicion: 9,14
posicion: 9,13
posicion: 9,12
posicion: 9,11
posicion: 9,10
posicion: 9,9
posicion: 9,8
posicion: 9,7
posicion: 9,6
posicion: 9,5
posicion: 9,4
posicion: 9,3
posicion: 9,2
posicion: 9,1
posicion: 9,0
posicion: 8,14
posicion: 8,13
posicion: 8,12
posicion: 8,11
posicion: 8,10
posicion: 8,9
posicion: 8,8
posicion: 8,7
posicion: 8,6
posicion: 8,5
posicion: 8,4
posicion: 8,3
posicion: 8,2
posicion: 8,1
posicion: 8,0
posicion: 7,14
posicion: 7,13
posicion: 7,12
posicion: 7,11
posicion: 7,10
posicion: 7,9
posicion: 7,8
posicion: 7,7
posicion: 7,6
posicion: 7,5
posicion: 7,4
posicion: 7,3
posicion: 7,2
posicion: 7,1
posicion: 7,0
posicion: 6,14
posicion: 6,13
posicion: 6,12
posicion: 6,11
posicion: 6,10
posicion: 6,9
posicion: 6,8
posicion: 6,7
posicion: 6,6
posicion: 6,5
posicion: 6,4
posicion: 6,3
posicion: 6,2
posicion: 6,1
posicion: 6,0
posicion: 5,14
posicion: 5,13
posicion: 5,12
posicion: 5,11
posicion: 5,10
posicion: 5,9
posicion: 5,8
posicion: 5,7
posicion: 5,6
posicion: 5,5
posicion: 5,4
posicion: 5,3
posicion: 5,2
posicion: 5,1
posicion: 5,0
posicion: 4,14
posicion: 4,13
posicion: 4,12
posicion: 4,11
posicion: 4,10
posicion: 4,9
posicion: 4,8
posicion: 4,7
posicion: 4,6
posicion: 4,5
posicion: 4,4
posicion: 4,3
posicion: 4,2
posicion: 4,1
posicion: 4,0
posicion: 3,14
posicion: 3,13
posicion: 3,12
posicion: 3,11
posicion: 3,10
posicion: 3,9
posicion: 3,8
posicion: 3,7
posicion: 3,6
posicion: 3,5
posicion: 3,4
posicion: 3,3
posicion: 3,2
posicion: 3,1
posicion: 3,0
posicion: 2,14
posicion: 2,13
posicion: 2,12
posicion: 2,11
posicion: 2,10
posicion: 2,9
posicion: 2,8
posicion: 2,7
posicion: 2,6
posicion: 2,5
posicion: 2,4
posicion: 2,3
posicion: 2,2
posicion: 2,1
posicion: 2,0
posicion: 1,14
posicion: 1,13
posicion: 1,12
posicion: 1,11
posicion: 1,10
posicion: 1,9
posicion: 1,8
posicion: 1,7
posicion: 1,6
posicion: 1,5
posicion: 1,4
posicion: 1,3
posicion: 1,2
posicion: 1,1
posicion: 1,0
posicion: 0,14
posicion: 0,13
posicion: 0,12
posicion: 0,11
posicion: 0,10
posicion: 0,9
posicion: 0,8
posicion: 0,7
posicion: 0,6
posicion: 0,5
posicion: 0,4
posicion: 0,3
posicion: 0,2
posicion: 0,1
posicion: 0,0
out for
fin turno
2
3
iteracion: 4
1
posicion: 14,14
posicion: 14,13
posicion: 14,12
posicion: 14,11
posicion: 14,10
posicion: 14,9
posicion: 14,8
posicion: 14,7
posicion: 14,6
posicion: 14,5
posicion: 14,4
posicion: 14,3
posicion: 14,2
posicion: 14,1
posicion: 14,0
posicion: 13,14
posicion: 13,13
posicion: 13,12
posicion: 13,11
posicion: 13,10
posicion: 13,9
posicion: 13,8
posicion: 13,7
posicion: 13,6
posicion: 13,5
posicion: 13,4
posicion: 13,3
posicion: 13,2
posicion: 13,1
posicion: 13,0
posicion: 12,14
posicion: 12,13
posicion: 12,12
posicion: 12,11
posicion: 12,10
posicion: 12,9
posicion: 12,8
posicion: 12,7
posicion: 12,6
posicion: 12,5
posicion: 12,4
posicion: 12,3
posicion: 12,2
posicion: 12,1
posicion: 12,0
posicion: 11,14
posicion: 11,13
posicion: 11,12
posicion: 11,11
posicion: 11,10
posicion: 11,9
posicion: 11,8
posicion: 11,7
posicion: 11,6
posicion: 11,5
posicion: 11,4
posicion: 11,3
posicion: 11,2
posicion: 11,1
posicion: 11,0
posicion: 10,14
posicion: 10,13
posicion: 10,12
posicion: 10,11
posicion: 10,10
posicion: 10,9
posicion: 10,8
posicion: 10,7
posicion: 10,6
posicion: 10,5
posicion: 10,4
posicion: 10,3
posicion: 10,2
posicion: 10,1
posicion: 10,0
posicion: 9,14
posicion: 9,13
posicion: 9,12
posicion: 9,11
posicion: 9,10
posicion: 9,9
posicion: 9,8
posicion: 9,7
posicion: 9,6
posicion: 9,5
posicion: 9,4
posicion: 9,3
posicion: 9,2
posicion: 9,1
posicion: 9,0
posicion: 8,14
posicion: 8,13
posicion: 8,12
posicion: 8,11
posicion: 8,10
posicion: 8,9
posicion: 8,8
posicion: 8,7
posicion: 8,6
posicion: 8,5
posicion: 8,4
posicion: 8,3
posicion: 8,2
posicion: 8,1
posicion: 8,0
posicion: 7,14
posicion: 7,13
posicion: 7,12
posicion: 7,11
posicion: 7,10
posicion: 7,9
posicion: 7,8
posicion: 7,7
posicion: 7,6
posicion: 7,5
posicion: 7,4
posicion: 7,3
posicion: 7,2
posicion: 7,1
posicion: 7,0
posicion: 6,14
posicion: 6,13
posicion: 6,12
posicion: 6,11
posicion: 6,10
posicion: 6,9
posicion: 6,8
posicion: 6,7
posicion: 6,6
posicion: 6,5
posicion: 6,4
posicion: 6,3
posicion: 6,2
posicion: 6,1
posicion: 6,0
posicion: 5,14
posicion: 5,13
posicion: 5,12
posicion: 5,11
posicion: 5,10
posicion: 5,9
posicion: 5,8
posicion: 5,7
posicion: 5,6
posicion: 5,5
posicion: 5,4
posicion: 5,3
posicion: 5,2
posicion: 5,1
posicion: 5,0
posicion: 4,14
posicion: 4,13
posicion: 4,12
posicion: 4,11
posicion: 4,10
posicion: 4,9
posicion: 4,8
posicion: 4,7
posicion: 4,6
posicion: 4,5
posicion: 4,4
posicion: 4,3
posicion: 4,2
posicion: 4,1
posicion: 4,0
posicion: 3,14
posicion: 3,13
posicion: 3,12
posicion: 3,11
posicion: 3,10
posicion: 3,9
posicion: 3,8
posicion: 3,7
posicion: 3,6
posicion: 3,5
posicion: 3,4
posicion: 3,3
posicion: 3,2
posicion: 3,1
posicion: 3,0
posicion: 2,14
posicion: 2,13
posicion: 2,12
posicion: 2,11
posicion: 2,10
posicion: 2,9
posicion: 2,8
posicion: 2,7
posicion: 2,6
posicion: 2,5
posicion: 2,4
posicion: 2,3
posicion: 2,2
posicion: 2,1
posicion: 2,0
posicion: 1,14
posicion: 1,13
posicion: 1,12
posicion: 1,11
posicion: 1,10
posicion: 1,9
posicion: 1,8
posicion: 1,7
posicion: 1,6
posicion: 1,5
posicion: 1,4
posicion: 1,3
posicion: 1,2
posicion: 1,1
posicion: 1,0
posicion: 0,14
posicion: 0,13
posicion: 0,12
posicion: 0,11
posicion: 0,10
posicion: 0,9
posicion: 0,8
posicion: 0,7
posicion: 0,6
posicion: 0,5
posicion: 0,4
posicion: 0,3
posicion: 0,2
posicion: 0,1
]]></system-out>
  </testcase>
  <testcase name="test17ElMapaParseadoDelJSONDelMapaEsElEsperado" classname="edu.fiuba.algo3.entrega_2.Entrega2Test" time="0"/>
  <testcase name="test15ElFormatoDelJSONDelMapaEsValido" classname="edu.fiuba.algo3.entrega_2.Entrega2Test" time="0"/>
  <testcase name="test14ElFormatoDelJSONDeEnemigosEsValido" classname="edu.fiuba.algo3.entrega_2.Entrega2Test" time="0"/>
</testsuite>